<?xml version="1.0" encoding="UTF-8"?>
<testsuite name="co.com.sofka.TestRunnerLogin" tests="5" skipped="0" failures="0" errors="0" timestamp="2021-05-19T04:11:25" hostname="DESKTOP-7NVI6VL" time="58.341">
  <properties/>
  <testcase name="Login success #1" classname="co.com.sofka.TestRunnerLogin" time="10.576"/>
  <testcase name="Login success #2" classname="co.com.sofka.TestRunnerLogin" time="11.942"/>
  <testcase name="Login success #3" classname="co.com.sofka.TestRunnerLogin" time="15.149"/>
  <testcase name="Locked user login" classname="co.com.sofka.TestRunnerLogin" time="10.401"/>
  <testcase name="Login fail" classname="co.com.sofka.TestRunnerLogin" time="10.272"/>
  <system-out><![CDATA[[Test worker] INFO  co.com.sofka.pages.LoginPage  - INICIANDO LOGIN STANDARD TEST...
[Test worker] INFO  co.com.sofka.pages.LoginPage  - Ingresando username...
[Test worker] INFO  co.com.sofka.pages.LoginPage  - Ingresando password...
[Test worker] INFO  co.com.sofka.pages.LoginPage  - Click en el boton login...
[Test worker] INFO  co.com.sofka.pages.LoginPage  - Comparando resultados...
[Test worker] INFO  co.com.sofka.pages.LoginPage  - INICIANDO LOGIN PROBLEM TEST...
[Test worker] INFO  co.com.sofka.pages.LoginPage  - Ingresando username...
[Test worker] INFO  co.com.sofka.pages.LoginPage  - Ingresando password...
[Test worker] INFO  co.com.sofka.pages.LoginPage  - Click en el boton login...
[Test worker] INFO  co.com.sofka.pages.LoginPage  - Comparando resultados...
[Test worker] INFO  co.com.sofka.pages.LoginPage  - INICIANDO LOGIN PERFORMANCE TEST...
[Test worker] INFO  co.com.sofka.pages.LoginPage  - Ingresando username...
[Test worker] INFO  co.com.sofka.pages.LoginPage  - Ingresando password...
[Test worker] INFO  co.com.sofka.pages.LoginPage  - Click en el boton login...
[Test worker] INFO  co.com.sofka.pages.LoginPage  - Comparando resultados...
[Test worker] INFO  co.com.sofka.pages.LoginPage  - INICIANDO LOGIN FAIL TEST...
[Test worker] INFO  co.com.sofka.pages.LoginPage  - Ingresando username...
[Test worker] INFO  co.com.sofka.pages.LoginPage  - Ingresando password...
[Test worker] INFO  co.com.sofka.pages.LoginPage  - Click en el boton login...
[Test worker] INFO  co.com.sofka.pages.LoginPage  - Comparando resultados...
[Test worker] INFO  co.com.sofka.pages.LoginPage  - INICIANDO LOGIN FAIL TEST...
[Test worker] INFO  co.com.sofka.pages.LoginPage  - Ingresando username...
[Test worker] INFO  co.com.sofka.pages.LoginPage  - Ingresando password...
[Test worker] INFO  co.com.sofka.pages.LoginPage  - Click en el boton login...
[Test worker] INFO  co.com.sofka.pages.LoginPage  - Comparando resultados...
]]></system-out>
  <system-err><![CDATA[Starting ChromeDriver 90.0.4430.24 (4c6d850f087da467d926e8eddb76550aed655991-refs/branch-heads/4430@{#429}) on port 23820
Only local connections are allowed.
Please see https://chromedriver.chromium.org/security-considerations for suggestions on keeping ChromeDriver safe.
ChromeDriver was started successfully.
May 18, 2021 11:11:26 PM org.openqa.selenium.remote.ProtocolHandshake createSession
INFO: Detected dialect: W3C
Starting ChromeDriver 90.0.4430.24 (4c6d850f087da467d926e8eddb76550aed655991-refs/branch-heads/4430@{#429}) on port 6484
Only local connections are allowed.
Please see https://chromedriver.chromium.org/security-considerations for suggestions on keeping ChromeDriver safe.
ChromeDriver was started successfully.
May 18, 2021 11:11:38 PM org.openqa.selenium.remote.ProtocolHandshake createSession
INFO: Detected dialect: W3C
Starting ChromeDriver 90.0.4430.24 (4c6d850f087da467d926e8eddb76550aed655991-refs/branch-heads/4430@{#429}) on port 24049
Only local connections are allowed.
Please see https://chromedriver.chromium.org/security-considerations for suggestions on keeping ChromeDriver safe.
ChromeDriver was started successfully.
May 18, 2021 11:11:49 PM org.openqa.selenium.remote.ProtocolHandshake createSession
INFO: Detected dialect: W3C
Starting ChromeDriver 90.0.4430.24 (4c6d850f087da467d926e8eddb76550aed655991-refs/branch-heads/4430@{#429}) on port 36396
Only local connections are allowed.
Please see https://chromedriver.chromium.org/security-considerations for suggestions on keeping ChromeDriver safe.
ChromeDriver was started successfully.
May 18, 2021 11:12:04 PM org.openqa.selenium.remote.ProtocolHandshake createSession
INFO: Detected dialect: W3C
Starting ChromeDriver 90.0.4430.24 (4c6d850f087da467d926e8eddb76550aed655991-refs/branch-heads/4430@{#429}) on port 34422
Only local connections are allowed.
Please see https://chromedriver.chromium.org/security-considerations for suggestions on keeping ChromeDriver safe.
ChromeDriver was started successfully.
May 18, 2021 11:12:14 PM org.openqa.selenium.remote.ProtocolHandshake createSession
INFO: Detected dialect: W3C
?[32m?[1m??????????????????????????????????????????????????????????????????????????????????????[0m
?[32m?[1m??[0m Share your Cucumber Report with your team at ?[36m?[1m?[4mhttps://reports.cucumber.io?[0m          ?[32m?[1m??[0m
?[32m?[1m??[0m Activate publishing with one of the following:                                    ?[32m?[1m??[0m
?[32m?[1m??[0m                                                                                   ?[32m?[1m??[0m
?[32m?[1m??[0m src/test/resources/cucumber.properties:          ?[36mcucumber.publish.enabled?[0m=?[36mtrue?[0m    ?[32m?[1m??[0m
?[32m?[1m??[0m src/test/resources/junit-platform.properties:    ?[36mcucumber.publish.enabled?[0m=?[36mtrue?[0m    ?[32m?[1m??[0m
?[32m?[1m??[0m Environment variable:                            ?[36mCUCUMBER_PUBLISH_ENABLED?[0m=?[36mtrue?[0m    ?[32m?[1m??[0m
?[32m?[1m??[0m JUnit:                                           ?[36m@CucumberOptions?[0m(publish = ?[36mtrue?[0m) ?[32m?[1m??[0m
?[32m?[1m??[0m                                                                                   ?[32m?[1m??[0m
?[32m?[1m??[0m More information at ?[36mhttps://reports.cucumber.io/docs/cucumber-jvm?[0m                 ?[32m?[1m??[0m
?[32m?[1m??[0m                                                                                   ?[32m?[1m??[0m
?[32m?[1m??[0m Disable this message with one of the following:                                   ?[32m?[1m??[0m
?[32m?[1m??[0m                                                                                   ?[32m?[1m??[0m
?[32m?[1m??[0m src/test/resources/cucumber.properties:          ?[36mcucumber.publish.quiet?[0m=?[36mtrue?[0m      ?[32m?[1m??[0m
?[32m?[1m??[0m src/test/resources/junit-platform.properties:    ?[36mcucumber.publish.quiet?[0m=?[36mtrue?[0m      ?[32m?[1m??[0m
?[32m?[1m??????????????????????????????????????????????????????????????????????????????????????[0m
]]></system-err>
</testsuite>
