<?xml version="1.0" encoding="UTF-8"?>
<testsuite name="co.com.sofka.TestRunnerRemove" tests="1" skipped="0" failures="0" errors="0" timestamp="2021-05-18T18:50:01" hostname="DESKTOP-7NVI6VL" time="12.213">
  <properties/>
  <testcase name="Eliminar un producto del carrito" classname="co.com.sofka.TestRunnerRemove" time="12.213"/>
  <system-out><![CDATA[[Test worker] INFO  co.com.sofka.pages.LoginPage  - INICIANDO REMOVE TEST...
[Test worker] INFO  co.com.sofka.pages.LoginPage  - Realizando login...
[Test worker] INFO  co.com.sofka.pages.LoginPage  - Agregando productos al carrito...
[Test worker] INFO  co.com.sofka.pages.LoginPage  - Click en el boton remove...
[Test worker] INFO  co.com.sofka.pages.LoginPage  - Comprobando resultados...
]]></system-out>
  <system-err><![CDATA[SLF4J: Failed to load class "org.slf4j.impl.StaticLoggerBinder".
SLF4J: Defaulting to no-operation (NOP) logger implementation
SLF4J: See http://www.slf4j.org/codes.html#StaticLoggerBinder for further details.
Starting ChromeDriver 90.0.4430.24 (4c6d850f087da467d926e8eddb76550aed655991-refs/branch-heads/4430@{#429}) on port 28573
Only local connections are allowed.
Please see https://chromedriver.chromium.org/security-considerations for suggestions on keeping ChromeDriver safe.
ChromeDriver was started successfully.
May 18, 2021 1:50:04 PM org.openqa.selenium.remote.ProtocolHandshake createSession
INFO: Detected dialect: W3C
?[32m?[1m??????????????????????????????????????????????????????????????????????????????????????[0m
?[32m?[1m??[0m Share your Cucumber Report with your team at ?[36m?[1m?[4mhttps://reports.cucumber.io?[0m          ?[32m?[1m??[0m
?[32m?[1m??[0m Activate publishing with one of the following:                                    ?[32m?[1m??[0m
?[32m?[1m??[0m                                                                                   ?[32m?[1m??[0m
?[32m?[1m??[0m src/test/resources/cucumber.properties:          ?[36mcucumber.publish.enabled?[0m=?[36mtrue?[0m    ?[32m?[1m??[0m
?[32m?[1m??[0m src/test/resources/junit-platform.properties:    ?[36mcucumber.publish.enabled?[0m=?[36mtrue?[0m    ?[32m?[1m??[0m
?[32m?[1m??[0m Environment variable:                            ?[36mCUCUMBER_PUBLISH_ENABLED?[0m=?[36mtrue?[0m    ?[32m?[1m??[0m
?[32m?[1m??[0m JUnit:                                           ?[36m@CucumberOptions?[0m(publish = ?[36mtrue?[0m) ?[32m?[1m??[0m
?[32m?[1m??[0m                                                                                   ?[32m?[1m??[0m
?[32m?[1m??[0m More information at ?[36mhttps://reports.cucumber.io/docs/cucumber-jvm?[0m                 ?[32m?[1m??[0m
?[32m?[1m??[0m                                                                                   ?[32m?[1m??[0m
?[32m?[1m??[0m Disable this message with one of the following:                                   ?[32m?[1m??[0m
?[32m?[1m??[0m                                                                                   ?[32m?[1m??[0m
?[32m?[1m??[0m src/test/resources/cucumber.properties:          ?[36mcucumber.publish.quiet?[0m=?[36mtrue?[0m      ?[32m?[1m??[0m
?[32m?[1m??[0m src/test/resources/junit-platform.properties:    ?[36mcucumber.publish.quiet?[0m=?[36mtrue?[0m      ?[32m?[1m??[0m
?[32m?[1m??????????????????????????????????????????????????????????????????????????????????????[0m
]]></system-err>
</testsuite>
